<?xml version="1.0" encoding="UTF-8"?><testsuite errors="0" failures="0" name="com.bestbuy.crudtests.ProductsCRUDTest" skipped="0" tests="4" time="8.63" timestamp="2023-01-02T16:11:14.828Z[Europe/London]"><testcase classname="com.bestbuy.crudtests.ProductsCRUDTest" name="This test will Create a new Product"/><testcase classname="com.bestbuy.crudtests.ProductsCRUDTest" name="This test will verify product was added"/><testcase classname="com.bestbuy.crudtests.ProductsCRUDTest" name="This test will Update the product information"/><testcase classname="com.bestbuy.crudtests.ProductsCRUDTest" name="This test will Delete product details"/></testsuite>