<?xml version="1.0" encoding="UTF-8"?><testsuite errors="0" failures="0" name="com.bestbuy.crudtests.StoresCRUDTest" skipped="0" tests="4" time="4.9" timestamp="2023-01-02T16:24:06.799Z[Europe/London]"><testcase classname="com.bestbuy.crudtests.StoresCRUDTest" name="This test will create a new Store"/><testcase classname="com.bestbuy.crudtests.StoresCRUDTest" name="This test will verify Store is added"/><testcase classname="com.bestbuy.crudtests.StoresCRUDTest" name="This test will Update the stores information"/><testcase classname="com.bestbuy.crudtests.StoresCRUDTest" name="This test will Delete the stores by ID"/></testsuite>